<?xml version="1.0" encoding="UTF-8"?>
<!-- Generated by org.testng.reporters.JUnitXMLReporter -->
<testsuite ignored="0" hostname="DESKTOP-C79FB0L" failures="0" tests="3" name="Default test" time="76.293" errors="0" timestamp="2025-02-10T12:16:34 IST">
  <testcase classname="WebProject.WebProjectNew.Main" name="MainFrameEntrance" time="10.171"/>
  <testcase classname="WebProject.WebProjectNew.Main" name="AdminFrameEntrance" time="48.1"/>
  <testcase classname="WebProject.WebProjectNew.Main" name="PIMFrameEntrance" time="14.94"/>
</testsuite> <!-- Default test -->
