<?xml version="1.0" encoding="UTF-8"?>
<!-- Generated by org.testng.reporters.JUnitReportReporter -->
<testsuite hostname="DESKTOP-C79FB0L" failures="0" tests="3" name="WebProject.WebProjectNew.Main" time="73.211" errors="0" timestamp="2025-02-10T12:16:34 IST" skipped="0">
  <testcase classname="WebProject.WebProjectNew.Main" name="MainFrameEntrance" time="10.171"/>
  <system-out/>
  <testcase classname="WebProject.WebProjectNew.Main" name="AdminFrameEntrance" time="48.100"/>
  <system-out/>
  <testcase classname="WebProject.WebProjectNew.Main" name="PIMFrameEntrance" time="14.940"/>
  <system-out/>
</testsuite> <!-- WebProject.WebProjectNew.Main -->
