<?xml version="1.0" encoding="UTF-8"?>
<testng-results ignored="0" total="3" passed="3" failed="0" skipped="0">
  <reporter-output>
  </reporter-output>
  <suite started-at="2025-02-10T12:15:17 IST" name="Default suite" finished-at="2025-02-10T12:16:34 IST" duration-ms="76293">
    <groups>
    </groups>
    <test started-at="2025-02-10T12:15:17 IST" name="Default test" finished-at="2025-02-10T12:16:34 IST" duration-ms="76293">
      <class name="WebProject.WebProjectNew.Main">
        <test-method is-config="true" signature="setUpTest()[pri:0, instance:WebProject.WebProjectNew.Main@515c6049]" started-at="2025-02-10T12:15:17 IST" name="setUpTest" finished-at="2025-02-10T12:15:20 IST" duration-ms="3049" status="PASS">
          <reporter-output>
          </reporter-output>
        </test-method> <!-- setUpTest -->
        <test-method signature="MainFrameEntrance()[pri:1, instance:WebProject.WebProjectNew.Main@515c6049]" started-at="2025-02-10T12:15:20 IST" name="MainFrameEntrance" finished-at="2025-02-10T12:15:30 IST" duration-ms="10171" status="PASS">
          <reporter-output>
          </reporter-output>
        </test-method> <!-- MainFrameEntrance -->
        <test-method signature="AdminFrameEntrance(java.lang.String,java.lang.String,java.lang.String,java.lang.String,java.lang.String,java.lang.String)[pri:2, instance:WebProject.WebProjectNew.Main@515c6049]" started-at="2025-02-10T12:15:30 IST" name="AdminFrameEntrance" data-provider="TestData" finished-at="2025-02-10T12:16:19 IST" duration-ms="48100" status="PASS">
          <params>
            <param index="0">
              <value>
                <![CDATA[ESS]]>
              </value>
            </param>
            <param index="1">
              <value>
                <![CDATA[aniket Ashok patil]]>
              </value>
            </param>
            <param index="2">
              <value>
                <![CDATA[Enabled]]>
              </value>
            </param>
            <param index="3">
              <value>
                <![CDATA[Jus12]]>
              </value>
            </param>
            <param index="4">
              <value>
                <![CDATA[Judah@123]]>
              </value>
            </param>
            <param index="5">
              <value>
                <![CDATA[Judah@123]]>
              </value>
            </param>
          </params>
          <reporter-output>
          </reporter-output>
        </test-method> <!-- AdminFrameEntrance -->
        <test-method signature="PIMFrameEntrance(java.lang.String,java.lang.String,java.lang.String,java.lang.String,java.lang.String,java.lang.String)[pri:3, instance:WebProject.WebProjectNew.Main@515c6049]" started-at="2025-02-10T12:16:19 IST" name="PIMFrameEntrance" data-provider="TestData" finished-at="2025-02-10T12:16:33 IST" duration-ms="14940" status="PASS">
          <params>
            <param index="0">
              <value>
                <![CDATA[ESS]]>
              </value>
            </param>
            <param index="1">
              <value>
                <![CDATA[aniket Ashok patil]]>
              </value>
            </param>
            <param index="2">
              <value>
                <![CDATA[Enabled]]>
              </value>
            </param>
            <param index="3">
              <value>
                <![CDATA[Jus12]]>
              </value>
            </param>
            <param index="4">
              <value>
                <![CDATA[Judah@123]]>
              </value>
            </param>
            <param index="5">
              <value>
                <![CDATA[Judah@123]]>
              </value>
            </param>
          </params>
          <reporter-output>
          </reporter-output>
        </test-method> <!-- PIMFrameEntrance -->
      </class> <!-- WebProject.WebProjectNew.Main -->
    </test> <!-- Default test -->
  </suite> <!-- Default suite -->
</testng-results>
